2019-12-27 09:54:44 INFO  XMLByXSDValidator:37 - Validation succeed
2019-12-27 09:56:22 INFO  XMLByXSDValidator:37 - Validation succeed
2019-12-27 09:56:28 INFO  XMLByXSDValidator:37 - Validation succeed
2019-12-27 09:56:36 INFO  XMLByXSDValidator:37 - Validation succeed
2019-12-27 09:57:08 INFO  XMLByXSDValidator:37 - Validation succeed
2019-12-27 09:57:13 INFO  XMLByXSDValidator:37 - Validation succeed
2019-12-27 09:57:21 INFO  XMLByXSDValidator:37 - Validation succeed
2019-12-27 09:58:07 INFO  XMLByXSDValidator:37 - Validation succeed
2019-12-27 09:58:49 INFO  XMLByXSDValidator:37 - Validation succeed
2019-12-27 10:03:10 INFO  XMLByXSDValidator:134 - Changed 144 nodes
2019-12-27 10:03:10 INFO  XMLByXSDValidator:37 - Validation succeed
2019-12-27 10:03:17 INFO  XMLByXSDValidator:134 - Changed 144 nodes
2019-12-27 10:03:17 INFO  XMLByXSDValidator:37 - Validation succeed
2019-12-27 11:33:25 INFO  XMLByXSDValidator:134 - Changed 144 nodes
2019-12-27 11:33:26 INFO  XMLByXSDValidator:37 - Validation succeed
2019-12-27 11:37:08 INFO  XMLByXSDValidator:134 - Changed 144 nodes
2019-12-27 11:37:08 INFO  XMLByXSDValidator:37 - Validation succeed
2019-12-27 11:38:23 INFO  XMLByXSDValidator:134 - Changed 144 nodes
2019-12-27 11:38:23 INFO  XMLByXSDValidator:37 - Validation succeed
2019-12-27 12:06:02 INFO  XMLByXSDValidator:134 - Changed 144 nodes
2019-12-27 12:06:02 INFO  XMLByXSDValidator:37 - Validation succeed
2019-12-27 12:07:47 INFO  XMLByXSDValidator:134 - Changed 144 nodes
2019-12-27 12:07:55 INFO  XMLByXSDValidator:37 - Validation succeed
2019-12-27 12:08:04 INFO  XMLByXSDValidator:134 - Changed 144 nodes
2019-12-27 12:08:04 INFO  XMLByXSDValidator:37 - Validation succeed
2019-12-27 12:08:07 INFO  XMLByXSDValidator:134 - Changed 144 nodes
2019-12-27 12:08:07 INFO  XMLByXSDValidator:37 - Validation succeed
2019-12-27 12:09:52 INFO  XMLByXSDValidator:134 - Changed 144 nodes
2019-12-27 12:09:52 INFO  XMLByXSDValidator:37 - Validation succeed
2019-12-27 12:13:11 INFO  XMLByXSDValidator:134 - Changed 144 nodes
2019-12-27 12:13:11 INFO  XMLByXSDValidator:37 - Validation succeed
2019-12-27 12:14:53 INFO  XMLByXSDValidator:134 - Changed 144 nodes
2019-12-27 12:14:53 INFO  XMLByXSDValidator:37 - Validation succeed
2019-12-27 12:17:53 INFO  XMLByXSDValidator:134 - Changed 144 nodes
2019-12-27 12:17:53 INFO  XMLByXSDValidator:37 - Validation succeed
2019-12-27 12:23:12 INFO  XMLByXSDValidator:134 - Changed 144 nodes
2019-12-27 12:23:12 INFO  XMLByXSDValidator:37 - Validation succeed
2019-12-27 12:30:40 INFO  XMLByXSDValidator:134 - Changed 0 nodes
2019-12-27 12:30:40 INFO  XMLByXSDValidator:37 - Validation succeed
2019-12-27 12:33:52 INFO  XMLByXSDValidator:134 - Changed 0 nodes
2019-12-27 12:33:52 INFO  XMLByXSDValidator:37 - Validation succeed
2019-12-27 12:34:59 INFO  XMLByXSDValidator:134 - Changed 0 nodes
2019-12-27 12:34:59 INFO  XMLByXSDValidator:37 - Validation succeed
2019-12-27 14:55:32 INFO  XMLByXSDValidator:134 - Changed 144 nodes
2019-12-27 14:55:32 ERROR XMLByXSDValidator:30 - IO Exception! Validation failed
org.xml.sax.SAXParseException; systemId: file:/home/denis/IntelliJIDEAProjects/Lab_XML_2/src/main/resources/testXML/New_1.xml; lineNumber: 1; columnNumber: 124; cvc-elt.1: Cannot find the declaration of element 'university'.
	at com.sun.org.apache.xerces.internal.util.ErrorHandlerWrapper.createSAXParseException(ErrorHandlerWrapper.java:203)
	at com.sun.org.apache.xerces.internal.util.ErrorHandlerWrapper.error(ErrorHandlerWrapper.java:134)
	at com.sun.org.apache.xerces.internal.impl.XMLErrorReporter.reportError(XMLErrorReporter.java:396)
	at com.sun.org.apache.xerces.internal.impl.XMLErrorReporter.reportError(XMLErrorReporter.java:327)
	at com.sun.org.apache.xerces.internal.impl.XMLErrorReporter.reportError(XMLErrorReporter.java:284)
	at com.sun.org.apache.xerces.internal.impl.xs.XMLSchemaValidator.handleStartElement(XMLSchemaValidator.java:1901)
	at com.sun.org.apache.xerces.internal.impl.xs.XMLSchemaValidator.startElement(XMLSchemaValidator.java:741)
	at com.sun.org.apache.xerces.internal.impl.XMLNSDocumentScannerImpl.scanStartElement(XMLNSDocumentScannerImpl.java:374)
	at com.sun.org.apache.xerces.internal.impl.XMLNSDocumentScannerImpl$NSContentDriver.scanRootElementHook(XMLNSDocumentScannerImpl.java:613)
	at com.sun.org.apache.xerces.internal.impl.XMLDocumentFragmentScannerImpl$FragmentContentDriver.next(XMLDocumentFragmentScannerImpl.java:3132)
	at com.sun.org.apache.xerces.internal.impl.XMLDocumentScannerImpl$PrologDriver.next(XMLDocumentScannerImpl.java:852)
	at com.sun.org.apache.xerces.internal.impl.XMLDocumentScannerImpl.next(XMLDocumentScannerImpl.java:602)
	at com.sun.org.apache.xerces.internal.impl.XMLNSDocumentScannerImpl.next(XMLNSDocumentScannerImpl.java:112)
	at com.sun.org.apache.xerces.internal.impl.XMLDocumentFragmentScannerImpl.scanDocument(XMLDocumentFragmentScannerImpl.java:505)
	at com.sun.org.apache.xerces.internal.parsers.XML11Configuration.parse(XML11Configuration.java:842)
	at com.sun.org.apache.xerces.internal.parsers.XML11Configuration.parse(XML11Configuration.java:771)
	at com.sun.org.apache.xerces.internal.jaxp.validation.StreamValidatorHelper.validate(StreamValidatorHelper.java:152)
	at com.sun.org.apache.xerces.internal.jaxp.validation.ValidatorImpl.validate(ValidatorImpl.java:116)
	at javax.xml.validation.Validator.validate(Validator.java:124)
	at XMLByXSDValidator.checkByXSD(XMLByXSDValidator.java:26)
	at LabInterface.doValidation(LabInterface.java:52)
	at Main.main(Main.java:23)
2019-12-27 14:56:33 INFO  XMLByXSDValidator:134 - Changed 144 nodes
2019-12-27 14:56:33 ERROR XMLByXSDValidator:30 - IO Exception! Validation failed
org.xml.sax.SAXParseException; systemId: file:/home/denis/IntelliJIDEAProjects/Lab_XML_2/src/main/resources/testXML/New_1.xml; lineNumber: 1; columnNumber: 124; cvc-elt.1: Cannot find the declaration of element 'university'.
	at com.sun.org.apache.xerces.internal.util.ErrorHandlerWrapper.createSAXParseException(ErrorHandlerWrapper.java:203)
	at com.sun.org.apache.xerces.internal.util.ErrorHandlerWrapper.error(ErrorHandlerWrapper.java:134)
	at com.sun.org.apache.xerces.internal.impl.XMLErrorReporter.reportError(XMLErrorReporter.java:396)
	at com.sun.org.apache.xerces.internal.impl.XMLErrorReporter.reportError(XMLErrorReporter.java:327)
	at com.sun.org.apache.xerces.internal.impl.XMLErrorReporter.reportError(XMLErrorReporter.java:284)
	at com.sun.org.apache.xerces.internal.impl.xs.XMLSchemaValidator.handleStartElement(XMLSchemaValidator.java:1901)
	at com.sun.org.apache.xerces.internal.impl.xs.XMLSchemaValidator.startElement(XMLSchemaValidator.java:741)
	at com.sun.org.apache.xerces.internal.impl.XMLNSDocumentScannerImpl.scanStartElement(XMLNSDocumentScannerImpl.java:374)
	at com.sun.org.apache.xerces.internal.impl.XMLNSDocumentScannerImpl$NSContentDriver.scanRootElementHook(XMLNSDocumentScannerImpl.java:613)
	at com.sun.org.apache.xerces.internal.impl.XMLDocumentFragmentScannerImpl$FragmentContentDriver.next(XMLDocumentFragmentScannerImpl.java:3132)
	at com.sun.org.apache.xerces.internal.impl.XMLDocumentScannerImpl$PrologDriver.next(XMLDocumentScannerImpl.java:852)
	at com.sun.org.apache.xerces.internal.impl.XMLDocumentScannerImpl.next(XMLDocumentScannerImpl.java:602)
	at com.sun.org.apache.xerces.internal.impl.XMLNSDocumentScannerImpl.next(XMLNSDocumentScannerImpl.java:112)
	at com.sun.org.apache.xerces.internal.impl.XMLDocumentFragmentScannerImpl.scanDocument(XMLDocumentFragmentScannerImpl.java:505)
	at com.sun.org.apache.xerces.internal.parsers.XML11Configuration.parse(XML11Configuration.java:842)
	at com.sun.org.apache.xerces.internal.parsers.XML11Configuration.parse(XML11Configuration.java:771)
	at com.sun.org.apache.xerces.internal.jaxp.validation.StreamValidatorHelper.validate(StreamValidatorHelper.java:152)
	at com.sun.org.apache.xerces.internal.jaxp.validation.ValidatorImpl.validate(ValidatorImpl.java:116)
	at javax.xml.validation.Validator.validate(Validator.java:124)
	at XMLByXSDValidator.checkByXSD(XMLByXSDValidator.java:26)
	at LabInterface.doValidation(LabInterface.java:52)
	at Main.main(Main.java:23)
2019-12-27 14:57:50 INFO  XMLByXSDValidator:134 - Changed 144 nodes
2019-12-27 14:57:50 ERROR XMLByXSDValidator:30 - IO Exception! Validation failed
org.xml.sax.SAXParseException; systemId: file:/home/denis/IntelliJIDEAProjects/Lab_XML_2/src/main/resources/testXML/New_1.xml; lineNumber: 1; columnNumber: 124; cvc-elt.1: Cannot find the declaration of element 'university'.
	at com.sun.org.apache.xerces.internal.util.ErrorHandlerWrapper.createSAXParseException(ErrorHandlerWrapper.java:203)
	at com.sun.org.apache.xerces.internal.util.ErrorHandlerWrapper.error(ErrorHandlerWrapper.java:134)
	at com.sun.org.apache.xerces.internal.impl.XMLErrorReporter.reportError(XMLErrorReporter.java:396)
	at com.sun.org.apache.xerces.internal.impl.XMLErrorReporter.reportError(XMLErrorReporter.java:327)
	at com.sun.org.apache.xerces.internal.impl.XMLErrorReporter.reportError(XMLErrorReporter.java:284)
	at com.sun.org.apache.xerces.internal.impl.xs.XMLSchemaValidator.handleStartElement(XMLSchemaValidator.java:1901)
	at com.sun.org.apache.xerces.internal.impl.xs.XMLSchemaValidator.startElement(XMLSchemaValidator.java:741)
	at com.sun.org.apache.xerces.internal.impl.XMLNSDocumentScannerImpl.scanStartElement(XMLNSDocumentScannerImpl.java:374)
	at com.sun.org.apache.xerces.internal.impl.XMLNSDocumentScannerImpl$NSContentDriver.scanRootElementHook(XMLNSDocumentScannerImpl.java:613)
	at com.sun.org.apache.xerces.internal.impl.XMLDocumentFragmentScannerImpl$FragmentContentDriver.next(XMLDocumentFragmentScannerImpl.java:3132)
	at com.sun.org.apache.xerces.internal.impl.XMLDocumentScannerImpl$PrologDriver.next(XMLDocumentScannerImpl.java:852)
	at com.sun.org.apache.xerces.internal.impl.XMLDocumentScannerImpl.next(XMLDocumentScannerImpl.java:602)
	at com.sun.org.apache.xerces.internal.impl.XMLNSDocumentScannerImpl.next(XMLNSDocumentScannerImpl.java:112)
	at com.sun.org.apache.xerces.internal.impl.XMLDocumentFragmentScannerImpl.scanDocument(XMLDocumentFragmentScannerImpl.java:505)
	at com.sun.org.apache.xerces.internal.parsers.XML11Configuration.parse(XML11Configuration.java:842)
	at com.sun.org.apache.xerces.internal.parsers.XML11Configuration.parse(XML11Configuration.java:771)
	at com.sun.org.apache.xerces.internal.jaxp.validation.StreamValidatorHelper.validate(StreamValidatorHelper.java:152)
	at com.sun.org.apache.xerces.internal.jaxp.validation.ValidatorImpl.validate(ValidatorImpl.java:116)
	at javax.xml.validation.Validator.validate(Validator.java:124)
	at XMLByXSDValidator.checkByXSD(XMLByXSDValidator.java:26)
	at LabInterface.doValidation(LabInterface.java:52)
	at Main.main(Main.java:23)
2019-12-27 14:58:32 INFO  XMLByXSDValidator:134 - Changed 144 nodes
2019-12-27 14:58:32 ERROR XMLByXSDValidator:30 - IO Exception! Validation failed
org.xml.sax.SAXParseException; systemId: file:/home/denis/IntelliJIDEAProjects/Lab_XML_2/src/main/resources/testXML/New_1.xml; lineNumber: 1; columnNumber: 124; cvc-elt.1: Cannot find the declaration of element 'university'.
	at com.sun.org.apache.xerces.internal.util.ErrorHandlerWrapper.createSAXParseException(ErrorHandlerWrapper.java:203)
	at com.sun.org.apache.xerces.internal.util.ErrorHandlerWrapper.error(ErrorHandlerWrapper.java:134)
	at com.sun.org.apache.xerces.internal.impl.XMLErrorReporter.reportError(XMLErrorReporter.java:396)
	at com.sun.org.apache.xerces.internal.impl.XMLErrorReporter.reportError(XMLErrorReporter.java:327)
	at com.sun.org.apache.xerces.internal.impl.XMLErrorReporter.reportError(XMLErrorReporter.java:284)
	at com.sun.org.apache.xerces.internal.impl.xs.XMLSchemaValidator.handleStartElement(XMLSchemaValidator.java:1901)
	at com.sun.org.apache.xerces.internal.impl.xs.XMLSchemaValidator.startElement(XMLSchemaValidator.java:741)
	at com.sun.org.apache.xerces.internal.impl.XMLNSDocumentScannerImpl.scanStartElement(XMLNSDocumentScannerImpl.java:374)
	at com.sun.org.apache.xerces.internal.impl.XMLNSDocumentScannerImpl$NSContentDriver.scanRootElementHook(XMLNSDocumentScannerImpl.java:613)
	at com.sun.org.apache.xerces.internal.impl.XMLDocumentFragmentScannerImpl$FragmentContentDriver.next(XMLDocumentFragmentScannerImpl.java:3132)
	at com.sun.org.apache.xerces.internal.impl.XMLDocumentScannerImpl$PrologDriver.next(XMLDocumentScannerImpl.java:852)
	at com.sun.org.apache.xerces.internal.impl.XMLDocumentScannerImpl.next(XMLDocumentScannerImpl.java:602)
	at com.sun.org.apache.xerces.internal.impl.XMLNSDocumentScannerImpl.next(XMLNSDocumentScannerImpl.java:112)
	at com.sun.org.apache.xerces.internal.impl.XMLDocumentFragmentScannerImpl.scanDocument(XMLDocumentFragmentScannerImpl.java:505)
	at com.sun.org.apache.xerces.internal.parsers.XML11Configuration.parse(XML11Configuration.java:842)
	at com.sun.org.apache.xerces.internal.parsers.XML11Configuration.parse(XML11Configuration.java:771)
	at com.sun.org.apache.xerces.internal.jaxp.validation.StreamValidatorHelper.validate(StreamValidatorHelper.java:152)
	at com.sun.org.apache.xerces.internal.jaxp.validation.ValidatorImpl.validate(ValidatorImpl.java:116)
	at javax.xml.validation.Validator.validate(Validator.java:124)
	at XMLByXSDValidator.checkByXSD(XMLByXSDValidator.java:26)
	at LabInterface.doValidation(LabInterface.java:52)
	at Main.main(Main.java:23)
2019-12-27 14:58:58 INFO  XMLByXSDValidator:134 - Changed 144 nodes
2019-12-27 14:58:58 ERROR XMLByXSDValidator:30 - IO Exception! Validation failed
org.xml.sax.SAXParseException; systemId: file:/home/denis/IntelliJIDEAProjects/Lab_XML_2/src/main/resources/testXML/New_1.xml; lineNumber: 1; columnNumber: 124; cvc-elt.1: Cannot find the declaration of element 'university'.
	at com.sun.org.apache.xerces.internal.util.ErrorHandlerWrapper.createSAXParseException(ErrorHandlerWrapper.java:203)
	at com.sun.org.apache.xerces.internal.util.ErrorHandlerWrapper.error(ErrorHandlerWrapper.java:134)
	at com.sun.org.apache.xerces.internal.impl.XMLErrorReporter.reportError(XMLErrorReporter.java:396)
	at com.sun.org.apache.xerces.internal.impl.XMLErrorReporter.reportError(XMLErrorReporter.java:327)
	at com.sun.org.apache.xerces.internal.impl.XMLErrorReporter.reportError(XMLErrorReporter.java:284)
	at com.sun.org.apache.xerces.internal.impl.xs.XMLSchemaValidator.handleStartElement(XMLSchemaValidator.java:1901)
	at com.sun.org.apache.xerces.internal.impl.xs.XMLSchemaValidator.startElement(XMLSchemaValidator.java:741)
	at com.sun.org.apache.xerces.internal.impl.XMLNSDocumentScannerImpl.scanStartElement(XMLNSDocumentScannerImpl.java:374)
	at com.sun.org.apache.xerces.internal.impl.XMLNSDocumentScannerImpl$NSContentDriver.scanRootElementHook(XMLNSDocumentScannerImpl.java:613)
	at com.sun.org.apache.xerces.internal.impl.XMLDocumentFragmentScannerImpl$FragmentContentDriver.next(XMLDocumentFragmentScannerImpl.java:3132)
	at com.sun.org.apache.xerces.internal.impl.XMLDocumentScannerImpl$PrologDriver.next(XMLDocumentScannerImpl.java:852)
	at com.sun.org.apache.xerces.internal.impl.XMLDocumentScannerImpl.next(XMLDocumentScannerImpl.java:602)
	at com.sun.org.apache.xerces.internal.impl.XMLNSDocumentScannerImpl.next(XMLNSDocumentScannerImpl.java:112)
	at com.sun.org.apache.xerces.internal.impl.XMLDocumentFragmentScannerImpl.scanDocument(XMLDocumentFragmentScannerImpl.java:505)
	at com.sun.org.apache.xerces.internal.parsers.XML11Configuration.parse(XML11Configuration.java:842)
	at com.sun.org.apache.xerces.internal.parsers.XML11Configuration.parse(XML11Configuration.java:771)
	at com.sun.org.apache.xerces.internal.jaxp.validation.StreamValidatorHelper.validate(StreamValidatorHelper.java:152)
	at com.sun.org.apache.xerces.internal.jaxp.validation.ValidatorImpl.validate(ValidatorImpl.java:116)
	at javax.xml.validation.Validator.validate(Validator.java:124)
	at XMLByXSDValidator.checkByXSD(XMLByXSDValidator.java:26)
	at LabInterface.doValidation(LabInterface.java:52)
	at Main.main(Main.java:23)
2019-12-27 15:02:12 INFO  XMLByXSDValidator:134 - Changed 144 nodes
2019-12-27 15:02:13 ERROR XMLByXSDValidator:30 - IO Exception! Validation failed
org.xml.sax.SAXParseException; systemId: file:/home/denis/IntelliJIDEAProjects/Lab_XML_2/src/main/resources/testXML/New_1.xml; lineNumber: 1; columnNumber: 124; cvc-elt.1: Cannot find the declaration of element 'university'.
	at com.sun.org.apache.xerces.internal.util.ErrorHandlerWrapper.createSAXParseException(ErrorHandlerWrapper.java:203)
	at com.sun.org.apache.xerces.internal.util.ErrorHandlerWrapper.error(ErrorHandlerWrapper.java:134)
	at com.sun.org.apache.xerces.internal.impl.XMLErrorReporter.reportError(XMLErrorReporter.java:396)
	at com.sun.org.apache.xerces.internal.impl.XMLErrorReporter.reportError(XMLErrorReporter.java:327)
	at com.sun.org.apache.xerces.internal.impl.XMLErrorReporter.reportError(XMLErrorReporter.java:284)
	at com.sun.org.apache.xerces.internal.impl.xs.XMLSchemaValidator.handleStartElement(XMLSchemaValidator.java:1901)
	at com.sun.org.apache.xerces.internal.impl.xs.XMLSchemaValidator.startElement(XMLSchemaValidator.java:741)
	at com.sun.org.apache.xerces.internal.impl.XMLNSDocumentScannerImpl.scanStartElement(XMLNSDocumentScannerImpl.java:374)
	at com.sun.org.apache.xerces.internal.impl.XMLNSDocumentScannerImpl$NSContentDriver.scanRootElementHook(XMLNSDocumentScannerImpl.java:613)
	at com.sun.org.apache.xerces.internal.impl.XMLDocumentFragmentScannerImpl$FragmentContentDriver.next(XMLDocumentFragmentScannerImpl.java:3132)
	at com.sun.org.apache.xerces.internal.impl.XMLDocumentScannerImpl$PrologDriver.next(XMLDocumentScannerImpl.java:852)
	at com.sun.org.apache.xerces.internal.impl.XMLDocumentScannerImpl.next(XMLDocumentScannerImpl.java:602)
	at com.sun.org.apache.xerces.internal.impl.XMLNSDocumentScannerImpl.next(XMLNSDocumentScannerImpl.java:112)
	at com.sun.org.apache.xerces.internal.impl.XMLDocumentFragmentScannerImpl.scanDocument(XMLDocumentFragmentScannerImpl.java:505)
	at com.sun.org.apache.xerces.internal.parsers.XML11Configuration.parse(XML11Configuration.java:842)
	at com.sun.org.apache.xerces.internal.parsers.XML11Configuration.parse(XML11Configuration.java:771)
	at com.sun.org.apache.xerces.internal.jaxp.validation.StreamValidatorHelper.validate(StreamValidatorHelper.java:152)
	at com.sun.org.apache.xerces.internal.jaxp.validation.ValidatorImpl.validate(ValidatorImpl.java:116)
	at javax.xml.validation.Validator.validate(Validator.java:124)
	at XMLByXSDValidator.checkByXSD(XMLByXSDValidator.java:26)
	at LabInterface.doValidation(LabInterface.java:52)
	at Main.main(Main.java:23)
2019-12-27 15:03:32 INFO  XMLByXSDValidator:134 - Changed 144 nodes
2019-12-27 15:03:33 ERROR XMLByXSDValidator:30 - IO Exception! Validation failed
org.xml.sax.SAXParseException; systemId: file:/home/denis/IntelliJIDEAProjects/Lab_XML_2/src/main/resources/testXML/New_1.xml; lineNumber: 1; columnNumber: 124; cvc-elt.1: Cannot find the declaration of element 'university'.
	at com.sun.org.apache.xerces.internal.util.ErrorHandlerWrapper.createSAXParseException(ErrorHandlerWrapper.java:203)
	at com.sun.org.apache.xerces.internal.util.ErrorHandlerWrapper.error(ErrorHandlerWrapper.java:134)
	at com.sun.org.apache.xerces.internal.impl.XMLErrorReporter.reportError(XMLErrorReporter.java:396)
	at com.sun.org.apache.xerces.internal.impl.XMLErrorReporter.reportError(XMLErrorReporter.java:327)
	at com.sun.org.apache.xerces.internal.impl.XMLErrorReporter.reportError(XMLErrorReporter.java:284)
	at com.sun.org.apache.xerces.internal.impl.xs.XMLSchemaValidator.handleStartElement(XMLSchemaValidator.java:1901)
	at com.sun.org.apache.xerces.internal.impl.xs.XMLSchemaValidator.startElement(XMLSchemaValidator.java:741)
	at com.sun.org.apache.xerces.internal.impl.XMLNSDocumentScannerImpl.scanStartElement(XMLNSDocumentScannerImpl.java:374)
	at com.sun.org.apache.xerces.internal.impl.XMLNSDocumentScannerImpl$NSContentDriver.scanRootElementHook(XMLNSDocumentScannerImpl.java:613)
	at com.sun.org.apache.xerces.internal.impl.XMLDocumentFragmentScannerImpl$FragmentContentDriver.next(XMLDocumentFragmentScannerImpl.java:3132)
	at com.sun.org.apache.xerces.internal.impl.XMLDocumentScannerImpl$PrologDriver.next(XMLDocumentScannerImpl.java:852)
	at com.sun.org.apache.xerces.internal.impl.XMLDocumentScannerImpl.next(XMLDocumentScannerImpl.java:602)
	at com.sun.org.apache.xerces.internal.impl.XMLNSDocumentScannerImpl.next(XMLNSDocumentScannerImpl.java:112)
	at com.sun.org.apache.xerces.internal.impl.XMLDocumentFragmentScannerImpl.scanDocument(XMLDocumentFragmentScannerImpl.java:505)
	at com.sun.org.apache.xerces.internal.parsers.XML11Configuration.parse(XML11Configuration.java:842)
	at com.sun.org.apache.xerces.internal.parsers.XML11Configuration.parse(XML11Configuration.java:771)
	at com.sun.org.apache.xerces.internal.jaxp.validation.StreamValidatorHelper.validate(StreamValidatorHelper.java:152)
	at com.sun.org.apache.xerces.internal.jaxp.validation.ValidatorImpl.validate(ValidatorImpl.java:116)
	at javax.xml.validation.Validator.validate(Validator.java:124)
	at XMLByXSDValidator.checkByXSD(XMLByXSDValidator.java:26)
	at LabInterface.doValidation(LabInterface.java:52)
	at Main.main(Main.java:23)
2019-12-27 15:03:33 ERROR XMLByXSDValidator:30 - IO Exception! Validation failed
org.xml.sax.SAXParseException; systemId: file:/home/denis/IntelliJIDEAProjects/Lab_XML_2/student_new.xml; lineNumber: 89; columnNumber: 23; cvc-complex-type.2.4.b: The content of element 'library' is not complete. One of '{"http://example.com/":book}' is expected.
	at com.sun.org.apache.xerces.internal.util.ErrorHandlerWrapper.createSAXParseException(ErrorHandlerWrapper.java:203)
	at com.sun.org.apache.xerces.internal.util.ErrorHandlerWrapper.error(ErrorHandlerWrapper.java:134)
	at com.sun.org.apache.xerces.internal.impl.XMLErrorReporter.reportError(XMLErrorReporter.java:396)
	at com.sun.org.apache.xerces.internal.impl.XMLErrorReporter.reportError(XMLErrorReporter.java:327)
	at com.sun.org.apache.xerces.internal.impl.XMLErrorReporter.reportError(XMLErrorReporter.java:284)
	at com.sun.org.apache.xerces.internal.impl.xs.XMLSchemaValidator$XSIErrorReporter.reportError(XMLSchemaValidator.java:453)
	at com.sun.org.apache.xerces.internal.impl.xs.XMLSchemaValidator.reportSchemaError(XMLSchemaValidator.java:3231)
	at com.sun.org.apache.xerces.internal.impl.xs.XMLSchemaValidator.elementLocallyValidComplexType(XMLSchemaValidator.java:3207)
	at com.sun.org.apache.xerces.internal.impl.xs.XMLSchemaValidator.elementLocallyValidType(XMLSchemaValidator.java:3154)
	at com.sun.org.apache.xerces.internal.impl.xs.XMLSchemaValidator.processElementContent(XMLSchemaValidator.java:3056)
	at com.sun.org.apache.xerces.internal.impl.xs.XMLSchemaValidator.handleEndElement(XMLSchemaValidator.java:2135)
	at com.sun.org.apache.xerces.internal.impl.xs.XMLSchemaValidator.endElement(XMLSchemaValidator.java:854)
	at com.sun.org.apache.xerces.internal.impl.XMLDocumentFragmentScannerImpl.scanEndElement(XMLDocumentFragmentScannerImpl.java:1782)
	at com.sun.org.apache.xerces.internal.impl.XMLDocumentFragmentScannerImpl$FragmentContentDriver.next(XMLDocumentFragmentScannerImpl.java:2967)
	at com.sun.org.apache.xerces.internal.impl.XMLDocumentScannerImpl.next(XMLDocumentScannerImpl.java:602)
	at com.sun.org.apache.xerces.internal.impl.XMLNSDocumentScannerImpl.next(XMLNSDocumentScannerImpl.java:112)
	at com.sun.org.apache.xerces.internal.impl.XMLDocumentFragmentScannerImpl.scanDocument(XMLDocumentFragmentScannerImpl.java:505)
	at com.sun.org.apache.xerces.internal.parsers.XML11Configuration.parse(XML11Configuration.java:842)
	at com.sun.org.apache.xerces.internal.parsers.XML11Configuration.parse(XML11Configuration.java:771)
	at com.sun.org.apache.xerces.internal.jaxp.validation.StreamValidatorHelper.validate(StreamValidatorHelper.java:152)
	at com.sun.org.apache.xerces.internal.jaxp.validation.ValidatorImpl.validate(ValidatorImpl.java:116)
	at javax.xml.validation.Validator.validate(Validator.java:124)
	at XMLByXSDValidator.checkByXSD(XMLByXSDValidator.java:26)
	at LabInterface.doValidation(LabInterface.java:57)
	at Main.main(Main.java:29)
2019-12-27 15:04:15 INFO  XMLByXSDValidator:134 - Changed 144 nodes
2019-12-27 15:04:15 ERROR XMLByXSDValidator:30 - IO Exception! Validation failed
org.xml.sax.SAXParseException; systemId: file:/home/denis/IntelliJIDEAProjects/Lab_XML_2/src/main/resources/testXML/New_1.xml; lineNumber: 1; columnNumber: 124; cvc-elt.1: Cannot find the declaration of element 'university'.
	at com.sun.org.apache.xerces.internal.util.ErrorHandlerWrapper.createSAXParseException(ErrorHandlerWrapper.java:203)
	at com.sun.org.apache.xerces.internal.util.ErrorHandlerWrapper.error(ErrorHandlerWrapper.java:134)
	at com.sun.org.apache.xerces.internal.impl.XMLErrorReporter.reportError(XMLErrorReporter.java:396)
	at com.sun.org.apache.xerces.internal.impl.XMLErrorReporter.reportError(XMLErrorReporter.java:327)
	at com.sun.org.apache.xerces.internal.impl.XMLErrorReporter.reportError(XMLErrorReporter.java:284)
	at com.sun.org.apache.xerces.internal.impl.xs.XMLSchemaValidator.handleStartElement(XMLSchemaValidator.java:1901)
	at com.sun.org.apache.xerces.internal.impl.xs.XMLSchemaValidator.startElement(XMLSchemaValidator.java:741)
	at com.sun.org.apache.xerces.internal.impl.XMLNSDocumentScannerImpl.scanStartElement(XMLNSDocumentScannerImpl.java:374)
	at com.sun.org.apache.xerces.internal.impl.XMLNSDocumentScannerImpl$NSContentDriver.scanRootElementHook(XMLNSDocumentScannerImpl.java:613)
	at com.sun.org.apache.xerces.internal.impl.XMLDocumentFragmentScannerImpl$FragmentContentDriver.next(XMLDocumentFragmentScannerImpl.java:3132)
	at com.sun.org.apache.xerces.internal.impl.XMLDocumentScannerImpl$PrologDriver.next(XMLDocumentScannerImpl.java:852)
	at com.sun.org.apache.xerces.internal.impl.XMLDocumentScannerImpl.next(XMLDocumentScannerImpl.java:602)
	at com.sun.org.apache.xerces.internal.impl.XMLNSDocumentScannerImpl.next(XMLNSDocumentScannerImpl.java:112)
	at com.sun.org.apache.xerces.internal.impl.XMLDocumentFragmentScannerImpl.scanDocument(XMLDocumentFragmentScannerImpl.java:505)
	at com.sun.org.apache.xerces.internal.parsers.XML11Configuration.parse(XML11Configuration.java:842)
	at com.sun.org.apache.xerces.internal.parsers.XML11Configuration.parse(XML11Configuration.java:771)
	at com.sun.org.apache.xerces.internal.jaxp.validation.StreamValidatorHelper.validate(StreamValidatorHelper.java:152)
	at com.sun.org.apache.xerces.internal.jaxp.validation.ValidatorImpl.validate(ValidatorImpl.java:116)
	at javax.xml.validation.Validator.validate(Validator.java:124)
	at XMLByXSDValidator.checkByXSD(XMLByXSDValidator.java:26)
	at LabInterface.doValidation(LabInterface.java:52)
	at Main.main(Main.java:23)
2019-12-27 15:10:02 INFO  XMLByXSDValidator:134 - Changed 144 nodes
2019-12-27 15:10:02 ERROR XMLByXSDValidator:30 - IO Exception! Validation failed
org.xml.sax.SAXParseException; systemId: file:/home/denis/IntelliJIDEAProjects/Lab_XML_2/src/main/resources/testXML/New_1.xml; lineNumber: 1; columnNumber: 124; cvc-elt.1: Cannot find the declaration of element 'university'.
	at com.sun.org.apache.xerces.internal.util.ErrorHandlerWrapper.createSAXParseException(ErrorHandlerWrapper.java:203)
	at com.sun.org.apache.xerces.internal.util.ErrorHandlerWrapper.error(ErrorHandlerWrapper.java:134)
	at com.sun.org.apache.xerces.internal.impl.XMLErrorReporter.reportError(XMLErrorReporter.java:396)
	at com.sun.org.apache.xerces.internal.impl.XMLErrorReporter.reportError(XMLErrorReporter.java:327)
	at com.sun.org.apache.xerces.internal.impl.XMLErrorReporter.reportError(XMLErrorReporter.java:284)
	at com.sun.org.apache.xerces.internal.impl.xs.XMLSchemaValidator.handleStartElement(XMLSchemaValidator.java:1901)
	at com.sun.org.apache.xerces.internal.impl.xs.XMLSchemaValidator.startElement(XMLSchemaValidator.java:741)
	at com.sun.org.apache.xerces.internal.impl.XMLNSDocumentScannerImpl.scanStartElement(XMLNSDocumentScannerImpl.java:374)
	at com.sun.org.apache.xerces.internal.impl.XMLNSDocumentScannerImpl$NSContentDriver.scanRootElementHook(XMLNSDocumentScannerImpl.java:613)
	at com.sun.org.apache.xerces.internal.impl.XMLDocumentFragmentScannerImpl$FragmentContentDriver.next(XMLDocumentFragmentScannerImpl.java:3132)
	at com.sun.org.apache.xerces.internal.impl.XMLDocumentScannerImpl$PrologDriver.next(XMLDocumentScannerImpl.java:852)
	at com.sun.org.apache.xerces.internal.impl.XMLDocumentScannerImpl.next(XMLDocumentScannerImpl.java:602)
	at com.sun.org.apache.xerces.internal.impl.XMLNSDocumentScannerImpl.next(XMLNSDocumentScannerImpl.java:112)
	at com.sun.org.apache.xerces.internal.impl.XMLDocumentFragmentScannerImpl.scanDocument(XMLDocumentFragmentScannerImpl.java:505)
	at com.sun.org.apache.xerces.internal.parsers.XML11Configuration.parse(XML11Configuration.java:842)
	at com.sun.org.apache.xerces.internal.parsers.XML11Configuration.parse(XML11Configuration.java:771)
	at com.sun.org.apache.xerces.internal.jaxp.validation.StreamValidatorHelper.validate(StreamValidatorHelper.java:152)
	at com.sun.org.apache.xerces.internal.jaxp.validation.ValidatorImpl.validate(ValidatorImpl.java:116)
	at javax.xml.validation.Validator.validate(Validator.java:124)
	at XMLByXSDValidator.checkByXSD(XMLByXSDValidator.java:26)
	at LabInterface.doValidation(LabInterface.java:52)
	at Main.main(Main.java:23)
2019-12-27 15:11:01 INFO  XMLByXSDValidator:134 - Changed 144 nodes
2019-12-27 15:11:01 ERROR XMLByXSDValidator:30 - IO Exception! Validation failed
org.xml.sax.SAXParseException; systemId: file:/home/denis/IntelliJIDEAProjects/Lab_XML_2/src/main/resources/testXML/New_1.xml; lineNumber: 1; columnNumber: 124; cvc-elt.1: Cannot find the declaration of element 'university'.
	at com.sun.org.apache.xerces.internal.util.ErrorHandlerWrapper.createSAXParseException(ErrorHandlerWrapper.java:203)
	at com.sun.org.apache.xerces.internal.util.ErrorHandlerWrapper.error(ErrorHandlerWrapper.java:134)
	at com.sun.org.apache.xerces.internal.impl.XMLErrorReporter.reportError(XMLErrorReporter.java:396)
	at com.sun.org.apache.xerces.internal.impl.XMLErrorReporter.reportError(XMLErrorReporter.java:327)
	at com.sun.org.apache.xerces.internal.impl.XMLErrorReporter.reportError(XMLErrorReporter.java:284)
	at com.sun.org.apache.xerces.internal.impl.xs.XMLSchemaValidator.handleStartElement(XMLSchemaValidator.java:1901)
	at com.sun.org.apache.xerces.internal.impl.xs.XMLSchemaValidator.startElement(XMLSchemaValidator.java:741)
	at com.sun.org.apache.xerces.internal.impl.XMLNSDocumentScannerImpl.scanStartElement(XMLNSDocumentScannerImpl.java:374)
	at com.sun.org.apache.xerces.internal.impl.XMLNSDocumentScannerImpl$NSContentDriver.scanRootElementHook(XMLNSDocumentScannerImpl.java:613)
	at com.sun.org.apache.xerces.internal.impl.XMLDocumentFragmentScannerImpl$FragmentContentDriver.next(XMLDocumentFragmentScannerImpl.java:3132)
	at com.sun.org.apache.xerces.internal.impl.XMLDocumentScannerImpl$PrologDriver.next(XMLDocumentScannerImpl.java:852)
	at com.sun.org.apache.xerces.internal.impl.XMLDocumentScannerImpl.next(XMLDocumentScannerImpl.java:602)
	at com.sun.org.apache.xerces.internal.impl.XMLNSDocumentScannerImpl.next(XMLNSDocumentScannerImpl.java:112)
	at com.sun.org.apache.xerces.internal.impl.XMLDocumentFragmentScannerImpl.scanDocument(XMLDocumentFragmentScannerImpl.java:505)
	at com.sun.org.apache.xerces.internal.parsers.XML11Configuration.parse(XML11Configuration.java:842)
	at com.sun.org.apache.xerces.internal.parsers.XML11Configuration.parse(XML11Configuration.java:771)
	at com.sun.org.apache.xerces.internal.jaxp.validation.StreamValidatorHelper.validate(StreamValidatorHelper.java:152)
	at com.sun.org.apache.xerces.internal.jaxp.validation.ValidatorImpl.validate(ValidatorImpl.java:116)
	at javax.xml.validation.Validator.validate(Validator.java:124)
	at XMLByXSDValidator.checkByXSD(XMLByXSDValidator.java:26)
	at LabInterface.doValidation(LabInterface.java:52)
	at Main.main(Main.java:23)
2019-12-27 15:14:00 INFO  XMLByXSDValidator:134 - Changed 144 nodes
2019-12-27 15:14:00 ERROR XMLByXSDValidator:30 - IO Exception! Validation failed
org.xml.sax.SAXParseException; systemId: file:/home/denis/IntelliJIDEAProjects/Lab_XML_2/src/main/resources/testXML/New_1.xml; lineNumber: 1; columnNumber: 124; cvc-elt.1: Cannot find the declaration of element 'university'.
	at com.sun.org.apache.xerces.internal.util.ErrorHandlerWrapper.createSAXParseException(ErrorHandlerWrapper.java:203)
	at com.sun.org.apache.xerces.internal.util.ErrorHandlerWrapper.error(ErrorHandlerWrapper.java:134)
	at com.sun.org.apache.xerces.internal.impl.XMLErrorReporter.reportError(XMLErrorReporter.java:396)
	at com.sun.org.apache.xerces.internal.impl.XMLErrorReporter.reportError(XMLErrorReporter.java:327)
	at com.sun.org.apache.xerces.internal.impl.XMLErrorReporter.reportError(XMLErrorReporter.java:284)
	at com.sun.org.apache.xerces.internal.impl.xs.XMLSchemaValidator.handleStartElement(XMLSchemaValidator.java:1901)
	at com.sun.org.apache.xerces.internal.impl.xs.XMLSchemaValidator.startElement(XMLSchemaValidator.java:741)
	at com.sun.org.apache.xerces.internal.impl.XMLNSDocumentScannerImpl.scanStartElement(XMLNSDocumentScannerImpl.java:374)
	at com.sun.org.apache.xerces.internal.impl.XMLNSDocumentScannerImpl$NSContentDriver.scanRootElementHook(XMLNSDocumentScannerImpl.java:613)
	at com.sun.org.apache.xerces.internal.impl.XMLDocumentFragmentScannerImpl$FragmentContentDriver.next(XMLDocumentFragmentScannerImpl.java:3132)
	at com.sun.org.apache.xerces.internal.impl.XMLDocumentScannerImpl$PrologDriver.next(XMLDocumentScannerImpl.java:852)
	at com.sun.org.apache.xerces.internal.impl.XMLDocumentScannerImpl.next(XMLDocumentScannerImpl.java:602)
	at com.sun.org.apache.xerces.internal.impl.XMLNSDocumentScannerImpl.next(XMLNSDocumentScannerImpl.java:112)
	at com.sun.org.apache.xerces.internal.impl.XMLDocumentFragmentScannerImpl.scanDocument(XMLDocumentFragmentScannerImpl.java:505)
	at com.sun.org.apache.xerces.internal.parsers.XML11Configuration.parse(XML11Configuration.java:842)
	at com.sun.org.apache.xerces.internal.parsers.XML11Configuration.parse(XML11Configuration.java:771)
	at com.sun.org.apache.xerces.internal.jaxp.validation.StreamValidatorHelper.validate(StreamValidatorHelper.java:152)
	at com.sun.org.apache.xerces.internal.jaxp.validation.ValidatorImpl.validate(ValidatorImpl.java:116)
	at javax.xml.validation.Validator.validate(Validator.java:124)
	at XMLByXSDValidator.checkByXSD(XMLByXSDValidator.java:26)
	at LabInterface.doValidation(LabInterface.java:52)
	at Main.main(Main.java:23)
2019-12-27 15:16:22 INFO  XMLByXSDValidator:134 - Changed 144 nodes
2019-12-27 15:16:22 ERROR XMLByXSDValidator:30 - IO Exception! Validation failed
org.xml.sax.SAXParseException; systemId: file:/home/denis/IntelliJIDEAProjects/Lab_XML_2/src/main/resources/testXML/New_1.xml; lineNumber: 1; columnNumber: 124; cvc-elt.1: Cannot find the declaration of element 'university'.
	at com.sun.org.apache.xerces.internal.util.ErrorHandlerWrapper.createSAXParseException(ErrorHandlerWrapper.java:203)
	at com.sun.org.apache.xerces.internal.util.ErrorHandlerWrapper.error(ErrorHandlerWrapper.java:134)
	at com.sun.org.apache.xerces.internal.impl.XMLErrorReporter.reportError(XMLErrorReporter.java:396)
	at com.sun.org.apache.xerces.internal.impl.XMLErrorReporter.reportError(XMLErrorReporter.java:327)
	at com.sun.org.apache.xerces.internal.impl.XMLErrorReporter.reportError(XMLErrorReporter.java:284)
	at com.sun.org.apache.xerces.internal.impl.xs.XMLSchemaValidator.handleStartElement(XMLSchemaValidator.java:1901)
	at com.sun.org.apache.xerces.internal.impl.xs.XMLSchemaValidator.startElement(XMLSchemaValidator.java:741)
	at com.sun.org.apache.xerces.internal.impl.XMLNSDocumentScannerImpl.scanStartElement(XMLNSDocumentScannerImpl.java:374)
	at com.sun.org.apache.xerces.internal.impl.XMLNSDocumentScannerImpl$NSContentDriver.scanRootElementHook(XMLNSDocumentScannerImpl.java:613)
	at com.sun.org.apache.xerces.internal.impl.XMLDocumentFragmentScannerImpl$FragmentContentDriver.next(XMLDocumentFragmentScannerImpl.java:3132)
	at com.sun.org.apache.xerces.internal.impl.XMLDocumentScannerImpl$PrologDriver.next(XMLDocumentScannerImpl.java:852)
	at com.sun.org.apache.xerces.internal.impl.XMLDocumentScannerImpl.next(XMLDocumentScannerImpl.java:602)
	at com.sun.org.apache.xerces.internal.impl.XMLNSDocumentScannerImpl.next(XMLNSDocumentScannerImpl.java:112)
	at com.sun.org.apache.xerces.internal.impl.XMLDocumentFragmentScannerImpl.scanDocument(XMLDocumentFragmentScannerImpl.java:505)
	at com.sun.org.apache.xerces.internal.parsers.XML11Configuration.parse(XML11Configuration.java:842)
	at com.sun.org.apache.xerces.internal.parsers.XML11Configuration.parse(XML11Configuration.java:771)
	at com.sun.org.apache.xerces.internal.jaxp.validation.StreamValidatorHelper.validate(StreamValidatorHelper.java:152)
	at com.sun.org.apache.xerces.internal.jaxp.validation.ValidatorImpl.validate(ValidatorImpl.java:116)
	at javax.xml.validation.Validator.validate(Validator.java:124)
	at XMLByXSDValidator.checkByXSD(XMLByXSDValidator.java:26)
	at LabInterface.doValidation(LabInterface.java:52)
	at Main.main(Main.java:23)
2019-12-27 15:16:48 INFO  XMLByXSDValidator:134 - Changed 144 nodes
2019-12-27 15:16:48 ERROR XMLByXSDValidator:30 - IO Exception! Validation failed
org.xml.sax.SAXParseException; systemId: file:/home/denis/IntelliJIDEAProjects/Lab_XML_2/src/main/resources/testXML/New_1.xml; lineNumber: 1; columnNumber: 124; cvc-elt.1: Cannot find the declaration of element 'university'.
	at com.sun.org.apache.xerces.internal.util.ErrorHandlerWrapper.createSAXParseException(ErrorHandlerWrapper.java:203)
	at com.sun.org.apache.xerces.internal.util.ErrorHandlerWrapper.error(ErrorHandlerWrapper.java:134)
	at com.sun.org.apache.xerces.internal.impl.XMLErrorReporter.reportError(XMLErrorReporter.java:396)
	at com.sun.org.apache.xerces.internal.impl.XMLErrorReporter.reportError(XMLErrorReporter.java:327)
	at com.sun.org.apache.xerces.internal.impl.XMLErrorReporter.reportError(XMLErrorReporter.java:284)
	at com.sun.org.apache.xerces.internal.impl.xs.XMLSchemaValidator.handleStartElement(XMLSchemaValidator.java:1901)
	at com.sun.org.apache.xerces.internal.impl.xs.XMLSchemaValidator.startElement(XMLSchemaValidator.java:741)
	at com.sun.org.apache.xerces.internal.impl.XMLNSDocumentScannerImpl.scanStartElement(XMLNSDocumentScannerImpl.java:374)
	at com.sun.org.apache.xerces.internal.impl.XMLNSDocumentScannerImpl$NSContentDriver.scanRootElementHook(XMLNSDocumentScannerImpl.java:613)
	at com.sun.org.apache.xerces.internal.impl.XMLDocumentFragmentScannerImpl$FragmentContentDriver.next(XMLDocumentFragmentScannerImpl.java:3132)
	at com.sun.org.apache.xerces.internal.impl.XMLDocumentScannerImpl$PrologDriver.next(XMLDocumentScannerImpl.java:852)
	at com.sun.org.apache.xerces.internal.impl.XMLDocumentScannerImpl.next(XMLDocumentScannerImpl.java:602)
	at com.sun.org.apache.xerces.internal.impl.XMLNSDocumentScannerImpl.next(XMLNSDocumentScannerImpl.java:112)
	at com.sun.org.apache.xerces.internal.impl.XMLDocumentFragmentScannerImpl.scanDocument(XMLDocumentFragmentScannerImpl.java:505)
	at com.sun.org.apache.xerces.internal.parsers.XML11Configuration.parse(XML11Configuration.java:842)
	at com.sun.org.apache.xerces.internal.parsers.XML11Configuration.parse(XML11Configuration.java:771)
	at com.sun.org.apache.xerces.internal.jaxp.validation.StreamValidatorHelper.validate(StreamValidatorHelper.java:152)
	at com.sun.org.apache.xerces.internal.jaxp.validation.ValidatorImpl.validate(ValidatorImpl.java:116)
	at javax.xml.validation.Validator.validate(Validator.java:124)
	at XMLByXSDValidator.checkByXSD(XMLByXSDValidator.java:26)
	at LabInterface.doValidation(LabInterface.java:52)
	at Main.main(Main.java:23)
2019-12-27 15:18:36 INFO  XMLByXSDValidator:134 - Changed 0 nodes
2019-12-27 15:18:36 INFO  XMLByXSDValidator:37 - Validation succeed
2019-12-27 15:18:36 INFO  XMLByXSDValidator:37 - Validation succeed
2019-12-27 15:19:07 INFO  XMLByXSDValidator:134 - Changed 144 nodes
2019-12-27 15:19:07 ERROR XMLByXSDValidator:30 - IO Exception! Validation failed
org.xml.sax.SAXParseException; systemId: file:/home/denis/IntelliJIDEAProjects/Lab_XML_2/src/main/resources/testXML/New_3.xml; lineNumber: 1; columnNumber: 124; cvc-elt.1: Cannot find the declaration of element 'university'.
	at com.sun.org.apache.xerces.internal.util.ErrorHandlerWrapper.createSAXParseException(ErrorHandlerWrapper.java:203)
	at com.sun.org.apache.xerces.internal.util.ErrorHandlerWrapper.error(ErrorHandlerWrapper.java:134)
	at com.sun.org.apache.xerces.internal.impl.XMLErrorReporter.reportError(XMLErrorReporter.java:396)
	at com.sun.org.apache.xerces.internal.impl.XMLErrorReporter.reportError(XMLErrorReporter.java:327)
	at com.sun.org.apache.xerces.internal.impl.XMLErrorReporter.reportError(XMLErrorReporter.java:284)
	at com.sun.org.apache.xerces.internal.impl.xs.XMLSchemaValidator.handleStartElement(XMLSchemaValidator.java:1901)
	at com.sun.org.apache.xerces.internal.impl.xs.XMLSchemaValidator.startElement(XMLSchemaValidator.java:741)
	at com.sun.org.apache.xerces.internal.impl.XMLNSDocumentScannerImpl.scanStartElement(XMLNSDocumentScannerImpl.java:374)
	at com.sun.org.apache.xerces.internal.impl.XMLNSDocumentScannerImpl$NSContentDriver.scanRootElementHook(XMLNSDocumentScannerImpl.java:613)
	at com.sun.org.apache.xerces.internal.impl.XMLDocumentFragmentScannerImpl$FragmentContentDriver.next(XMLDocumentFragmentScannerImpl.java:3132)
	at com.sun.org.apache.xerces.internal.impl.XMLDocumentScannerImpl$PrologDriver.next(XMLDocumentScannerImpl.java:852)
	at com.sun.org.apache.xerces.internal.impl.XMLDocumentScannerImpl.next(XMLDocumentScannerImpl.java:602)
	at com.sun.org.apache.xerces.internal.impl.XMLNSDocumentScannerImpl.next(XMLNSDocumentScannerImpl.java:112)
	at com.sun.org.apache.xerces.internal.impl.XMLDocumentFragmentScannerImpl.scanDocument(XMLDocumentFragmentScannerImpl.java:505)
	at com.sun.org.apache.xerces.internal.parsers.XML11Configuration.parse(XML11Configuration.java:842)
	at com.sun.org.apache.xerces.internal.parsers.XML11Configuration.parse(XML11Configuration.java:771)
	at com.sun.org.apache.xerces.internal.jaxp.validation.StreamValidatorHelper.validate(StreamValidatorHelper.java:152)
	at com.sun.org.apache.xerces.internal.jaxp.validation.ValidatorImpl.validate(ValidatorImpl.java:116)
	at javax.xml.validation.Validator.validate(Validator.java:124)
	at XMLByXSDValidator.checkByXSD(XMLByXSDValidator.java:26)
	at LabInterface.doValidation(LabInterface.java:52)
	at Main.main(Main.java:23)
2019-12-27 15:19:27 INFO  XMLByXSDValidator:134 - Changed 0 nodes
2019-12-27 15:19:27 INFO  XMLByXSDValidator:37 - Validation succeed
2019-12-27 15:19:27 INFO  XMLByXSDValidator:37 - Validation succeed
2019-12-27 15:58:00 INFO  XMLByXSDValidator:134 - Changed 0 nodes
2019-12-27 15:58:01 INFO  XMLByXSDValidator:37 - Validation succeed
2019-12-27 16:00:07 INFO  XMLByXSDValidator:134 - Changed 0 nodes
2019-12-27 16:00:07 INFO  XMLByXSDValidator:37 - Validation succeed
2019-12-27 16:00:07 INFO  XMLByXSDValidator:37 - Validation succeed
2019-12-27 16:01:27 INFO  XMLByXSDValidator:134 - Changed 0 nodes
2019-12-27 16:02:55 INFO  XMLByXSDValidator:134 - Changed 0 nodes
2019-12-27 16:02:55 INFO  XMLByXSDValidator:37 - Validation succeed
2019-12-27 16:02:56 INFO  XMLByXSDValidator:37 - Validation succeed
2019-12-27 16:03:27 INFO  XMLByXSDValidator:134 - Changed 0 nodes
2019-12-27 16:03:27 INFO  XMLByXSDValidator:37 - Validation succeed
2019-12-27 16:03:27 INFO  XMLByXSDValidator:37 - Validation succeed
2019-12-27 16:04:07 INFO  XMLByXSDValidator:134 - Changed 0 nodes
2019-12-27 16:04:07 INFO  XMLByXSDValidator:37 - Validation succeed
2019-12-27 16:04:07 INFO  XMLByXSDValidator:37 - Validation succeed
2019-12-27 16:04:46 INFO  XMLByXSDValidator:134 - Changed 0 nodes
2019-12-27 16:04:47 INFO  XMLByXSDValidator:37 - Validation succeed
2019-12-27 16:04:47 INFO  XMLByXSDValidator:37 - Validation succeed
2019-12-27 16:08:21 INFO  XMLByXSDValidator:134 - Changed 0 nodes
2019-12-27 16:08:21 INFO  XMLByXSDValidator:37 - Validation succeed
2019-12-27 16:08:22 INFO  XMLByXSDValidator:37 - Validation succeed
2019-12-27 16:14:41 INFO  XMLByXSDValidator:134 - Changed 0 nodes
2019-12-27 16:20:47 INFO  XMLByXSDValidator:134 - Changed 0 nodes
2019-12-27 16:21:02 INFO  XMLByXSDValidator:134 - Changed 0 nodes
2019-12-27 16:21:14 INFO  XMLByXSDValidator:134 - Changed 0 nodes
2019-12-27 16:26:06 INFO  XMLByXSDValidator:134 - Changed 0 nodes
2019-12-27 16:26:50 INFO  XMLByXSDValidator:137 - Changed 0 nodes
2019-12-27 16:27:04 INFO  XMLByXSDValidator:135 - Changed 0 nodes
2019-12-27 16:27:57 INFO  XMLByXSDValidator:137 - Changed 0 nodes
2019-12-27 16:29:00 INFO  XMLByXSDValidator:138 - Changed 0 nodes
2019-12-27 16:31:36 INFO  XMLByXSDValidator:138 - Changed 0 nodes
2019-12-27 16:33:35 INFO  XMLByXSDValidator:138 - Changed 0 nodes
2019-12-27 16:34:08 INFO  XMLByXSDValidator:139 - Changed 144 nodes
2019-12-27 16:35:39 INFO  XMLByXSDValidator:139 - Changed 144 nodes
2019-12-27 16:35:39 INFO  XMLByXSDValidator:37 - Validation succeed
2019-12-27 16:35:40 INFO  XMLByXSDValidator:37 - Validation succeed
2019-12-27 16:37:52 INFO  XMLByXSDValidator:139 - Changed 144 nodes
2019-12-27 16:37:53 INFO  XMLByXSDValidator:37 - Validation succeed
2019-12-27 16:37:53 INFO  XMLByXSDValidator:37 - Validation succeed
2019-12-27 16:40:51 INFO  XMLByXSDValidator:139 - Changed 144 nodes
2019-12-27 16:40:51 INFO  XMLByXSDValidator:37 - Validation succeed
2019-12-27 16:40:51 INFO  XMLByXSDValidator:37 - Validation succeed
